<?xml version="1.0" encoding="UTF-8"?>
<testsuite xmlns:xsi="http://www.w3.org/2001/XMLSchema-instance" xsi:noNamespaceSchemaLocation="https://maven.apache.org/surefire/maven-surefire-plugin/xsd/surefire-test-report-3.0.xsd" version="3.0" name="DodgygeezersUnitTest" time="0.077" tests="2" errors="0" skipped="0" failures="0">
  <properties>
[...]
</properties>
  <testcase name="quotationTest" classname="DodgygeezersUnitTest" time="0.016">
    <system-out><![CDATA[Writing Object: ClientInfo{name='Joe Doe', gender=M, age=65, height=1.8, weight=100.0, smoker=true, medicalIssues=true}
Reading Object
]]></system-out>
  </testcase>
  <testcase name="connectionTest" classname="DodgygeezersUnitTest" time="0.0"/>
</testsuite>