<?xml version="1.0" encoding="UTF-8"?>
<testsuite xmlns:xsi="http://www.w3.org/2001/XMLSchema-instance" xsi:noNamespaceSchemaLocation="https://maven.apache.org/surefire/maven-surefire-plugin/xsd/surefire-test-report-3.0.xsd" version="3.0" name="BrokerActorTests" time="2.64" tests="1" errors="0" skipped="0" failures="0">
  <properties>
[...]
</properties>
  <testcase name="brokerTest" classname="BrokerActorTests" time="2.049">
    <system-out><![CDATA[BrokerActor: createReceive
BrokerActor: onProcessClientMessage
[INFO] [11/09/2023 11:22:57.474] [default-akka.actor.default-dispatcher-5] [akka://default/user/$a] Received ClientMessage: service.message.ClientMessage@4937634a
[INFO] [11/09/2023 11:22:57.475] [default-akka.actor.default-dispatcher-5] [akka://default/user/$a] Created OfferMessage for token 1: service.message.OfferMessage@1a9cff8d
BrokerActor: onTimeoutMessage
BrokerActor: Sending OfferMessage to Client
[INFO] [11/09/2023 11:22:59.492] [default-akka.actor.default-dispatcher-5] [akka://default/user/$a] Timeout occurred for token 1
]]></system-out>
  </testcase>
</testsuite>