<?xml version="1.0" encoding="UTF-8"?>
<testsuite xmlns:xsi="http://www.w3.org/2001/XMLSchema-instance" xsi:noNamespaceSchemaLocation="https://maven.apache.org/surefire/maven-surefire-plugin/xsd/surefire-test-report-3.0.xsd" version="3.0" name="QuotationServiceUnitTest" time="1.184" tests="1" errors="0" skipped="0" failures="0">
  <properties>
[...]
</properties>
  <testcase name="connectionTest" classname="QuotationServiceUnitTest" time="0.353">
    <system-out><![CDATA[Running Girls_connectionTest
Company: Girls Allowed Inc.
Reference: GA001000
]]></system-out>
    <system-err><![CDATA[Oct 10, 2023 12:11:07 PM com.sun.xml.ws.server.MonitorBase createRoot
INFO: Metro monitoring rootname successfully set to: com.sun.metro:pp=/,type=WSEndpoint,name=QuotationService-QuotationServicePort
]]></system-err>
  </testcase>
</testsuite>